<?xml version="1.0" encoding="UTF-8"?>
<!-- Generated by org.testng.reporters.JUnitXMLReporter -->
<testsuite ignored="1" hostname="USBLRTANRAWAT1" failures="1" tests="2" name="Error Validation Test" time="18.584" errors="0" timestamp="2024-04-30T18:44:00 IST">
  <testcase classname="Tanuja.EndToEnd.ErrorValidation" name="loginerror" time="1.152">
    <skipped/>
  </testcase> <!-- loginerror -->
  <testcase classname="Tanuja.EndToEnd.ErrorValidation" name="loginerror" time="1.153">
    <failure type="org.junit.ComparisonFailure" message="expected:&amp;lt;Incorrect email []password.&amp;gt; but was:&amp;lt;Incorrect email [or ]password.&amp;gt;">
      <![CDATA[org.junit.ComparisonFailure: expected:<Incorrect email []password.> but was:<Incorrect email [or ]password.>
at org.junit.Assert.assertEquals(Assert.java:115)
at org.junit.Assert.assertEquals(Assert.java:144)
at Tanuja.EndToEnd.ErrorValidation.loginerror(ErrorValidation.java:17)
at java.base/java.util.ArrayList.forEach(ArrayList.java:1511)
at java.base/java.util.concurrent.FutureTask.run(FutureTask.java:264)
at java.base/java.util.concurrent.ThreadPoolExecutor.runWorker(ThreadPoolExecutor.java:1136)
at java.base/java.util.concurrent.ThreadPoolExecutor$Worker.run(ThreadPoolExecutor.java:635)
at java.base/java.lang.Thread.run(Thread.java:840)
... Removed 18 stack frames]]>
    </failure>
  </testcase> <!-- loginerror -->
  <testcase classname="Tanuja.EndToEnd.ErrorValidation" name="producterror" time="0.0">
    <ignored/>
  </testcase> <!-- producterror -->
</testsuite> <!-- Error Validation Test -->
