<?xml version="1.0" encoding="UTF-8"?>
<!-- Generated by org.testng.reporters.JUnitXMLReporter -->
<testsuite ignored="0" hostname="USBLRTANRAWAT1" failures="0" tests="3" name="Submit Order test" time="49.807" errors="0" timestamp="2024-04-30T18:44:31 IST">
  <testcase classname="Tanuja.EndToEnd.EcommProjectTest" name="execution" time="12.272"/>
  <testcase classname="Tanuja.EndToEnd.EcommProjectTest" name="execution" time="12.679"/>
  <testcase classname="Tanuja.EndToEnd.EcommProjectTest" name="orderListTest" time="1.069"/>
</testsuite> <!-- Submit Order test -->
