<?xml version="1.0" encoding="UTF-8"?>
<testng-results retried="1" ignored="1" total="6" passed="3" failed="1" skipped="0">
  <reporter-output>
  </reporter-output>
  <suite started-at="2024-04-30T18:43:41 IST" name="Suite" finished-at="2024-04-30T18:44:31 IST" duration-ms="49807">
    <groups>
      <group name="New">
        <method signature="EcommProjectTest.execution(java.util.HashMap)[pri:0, instance:Tanuja.EndToEnd.EcommProjectTest@6cce16f4]" name="execution" class="Tanuja.EndToEnd.EcommProjectTest"/>
      </group> <!-- New -->
      <group name="Regression">
        <method signature="ErrorValidation.loginerror()[pri:0, instance:Tanuja.EndToEnd.ErrorValidation@3fc9504b]" name="loginerror" class="Tanuja.EndToEnd.ErrorValidation"/>
      </group> <!-- Regression -->
    </groups>
    <test started-at="2024-04-30T18:43:41 IST" name="Error Validation Test" finished-at="2024-04-30T18:44:00 IST" duration-ms="18584">
      <class name="Tanuja.EndToEnd.ErrorValidation">
        <test-method is-config="true" signature="login()[pri:0, instance:Tanuja.EndToEnd.ErrorValidation@3fc9504b]" started-at="2024-04-30T18:43:41 IST" name="login" finished-at="2024-04-30T18:43:50 IST" duration-ms="8678" status="PASS">
          <reporter-output>
          </reporter-output>
        </test-method> <!-- login -->
        <test-method retried="true" signature="loginerror()[pri:0, instance:Tanuja.EndToEnd.ErrorValidation@3fc9504b]" started-at="2024-04-30T18:43:50 IST" name="loginerror" finished-at="2024-04-30T18:43:51 IST" duration-ms="1152" status="SKIP">
          <exception class="org.junit.ComparisonFailure">
            <message>
              <![CDATA[expected:<Incorrect email []password.> but was:<Incorrect email [or ]password.>]]>
            </message>
            <full-stacktrace>
              <![CDATA[org.junit.ComparisonFailure: expected:<Incorrect email []password.> but was:<Incorrect email [or ]password.>
at org.junit.Assert.assertEquals(Assert.java:115)
at org.junit.Assert.assertEquals(Assert.java:144)
at Tanuja.EndToEnd.ErrorValidation.loginerror(ErrorValidation.java:17)
at java.base/jdk.internal.reflect.NativeMethodAccessorImpl.invoke0(Native Method)
at java.base/jdk.internal.reflect.NativeMethodAccessorImpl.invoke(NativeMethodAccessorImpl.java:77)
at java.base/jdk.internal.reflect.DelegatingMethodAccessorImpl.invoke(DelegatingMethodAccessorImpl.java:43)
at java.base/java.lang.reflect.Method.invoke(Method.java:568)
at org.testng.internal.MethodInvocationHelper.invokeMethod(MethodInvocationHelper.java:133)
at org.testng.internal.TestInvoker.invokeMethod(TestInvoker.java:598)
at org.testng.internal.TestInvoker.invokeTestMethod(TestInvoker.java:173)
at org.testng.internal.MethodRunner.runInSequence(MethodRunner.java:46)
at org.testng.internal.TestInvoker$MethodInvocationAgent.invoke(TestInvoker.java:824)
at org.testng.internal.TestInvoker.invokeTestMethods(TestInvoker.java:146)
at org.testng.internal.TestMethodWorker.invokeTestMethods(TestMethodWorker.java:146)
at org.testng.internal.TestMethodWorker.run(TestMethodWorker.java:128)
at java.base/java.util.ArrayList.forEach(ArrayList.java:1511)
at org.testng.TestRunner.privateRun(TestRunner.java:794)
at org.testng.TestRunner.run(TestRunner.java:596)
at org.testng.SuiteRunner.runTest(SuiteRunner.java:377)
at org.testng.SuiteRunner.access$000(SuiteRunner.java:28)
at org.testng.SuiteRunner$SuiteWorker.run(SuiteRunner.java:418)
at org.testng.internal.thread.ThreadUtil.lambda$execute$0(ThreadUtil.java:64)
at java.base/java.util.concurrent.FutureTask.run(FutureTask.java:264)
at java.base/java.util.concurrent.ThreadPoolExecutor.runWorker(ThreadPoolExecutor.java:1136)
at java.base/java.util.concurrent.ThreadPoolExecutor$Worker.run(ThreadPoolExecutor.java:635)
at java.base/java.lang.Thread.run(Thread.java:840)
]]>
            </full-stacktrace>
          </exception> <!-- org.junit.ComparisonFailure -->
          <reporter-output>
          </reporter-output>
        </test-method> <!-- loginerror -->
        <test-method is-config="true" signature="exit()[pri:0, instance:Tanuja.EndToEnd.ErrorValidation@3fc9504b]" started-at="2024-04-30T18:43:51 IST" name="exit" finished-at="2024-04-30T18:43:51 IST" duration-ms="213" status="PASS">
          <reporter-output>
          </reporter-output>
        </test-method> <!-- exit -->
        <test-method is-config="true" signature="login()[pri:0, instance:Tanuja.EndToEnd.ErrorValidation@3fc9504b]" started-at="2024-04-30T18:43:51 IST" name="login" finished-at="2024-04-30T18:43:58 IST" duration-ms="6646" status="PASS">
          <reporter-output>
          </reporter-output>
        </test-method> <!-- login -->
        <test-method signature="loginerror()[pri:0, instance:Tanuja.EndToEnd.ErrorValidation@3fc9504b]" started-at="2024-04-30T18:43:58 IST" name="loginerror" finished-at="2024-04-30T18:43:59 IST" duration-ms="1153" status="FAIL">
          <exception class="org.junit.ComparisonFailure">
            <message>
              <![CDATA[expected:<Incorrect email []password.> but was:<Incorrect email [or ]password.>]]>
            </message>
            <full-stacktrace>
              <![CDATA[org.junit.ComparisonFailure: expected:<Incorrect email []password.> but was:<Incorrect email [or ]password.>
at org.junit.Assert.assertEquals(Assert.java:115)
at org.junit.Assert.assertEquals(Assert.java:144)
at Tanuja.EndToEnd.ErrorValidation.loginerror(ErrorValidation.java:17)
at java.base/jdk.internal.reflect.NativeMethodAccessorImpl.invoke0(Native Method)
at java.base/jdk.internal.reflect.NativeMethodAccessorImpl.invoke(NativeMethodAccessorImpl.java:77)
at java.base/jdk.internal.reflect.DelegatingMethodAccessorImpl.invoke(DelegatingMethodAccessorImpl.java:43)
at java.base/java.lang.reflect.Method.invoke(Method.java:568)
at org.testng.internal.MethodInvocationHelper.invokeMethod(MethodInvocationHelper.java:133)
at org.testng.internal.TestInvoker.invokeMethod(TestInvoker.java:598)
at org.testng.internal.TestInvoker.retryFailed(TestInvoker.java:213)
at org.testng.internal.MethodRunner.runInSequence(MethodRunner.java:58)
at org.testng.internal.TestInvoker$MethodInvocationAgent.invoke(TestInvoker.java:824)
at org.testng.internal.TestInvoker.invokeTestMethods(TestInvoker.java:146)
at org.testng.internal.TestMethodWorker.invokeTestMethods(TestMethodWorker.java:146)
at org.testng.internal.TestMethodWorker.run(TestMethodWorker.java:128)
at java.base/java.util.ArrayList.forEach(ArrayList.java:1511)
at org.testng.TestRunner.privateRun(TestRunner.java:794)
at org.testng.TestRunner.run(TestRunner.java:596)
at org.testng.SuiteRunner.runTest(SuiteRunner.java:377)
at org.testng.SuiteRunner.access$000(SuiteRunner.java:28)
at org.testng.SuiteRunner$SuiteWorker.run(SuiteRunner.java:418)
at org.testng.internal.thread.ThreadUtil.lambda$execute$0(ThreadUtil.java:64)
at java.base/java.util.concurrent.FutureTask.run(FutureTask.java:264)
at java.base/java.util.concurrent.ThreadPoolExecutor.runWorker(ThreadPoolExecutor.java:1136)
at java.base/java.util.concurrent.ThreadPoolExecutor$Worker.run(ThreadPoolExecutor.java:635)
at java.base/java.lang.Thread.run(Thread.java:840)
]]>
            </full-stacktrace>
          </exception> <!-- org.junit.ComparisonFailure -->
          <reporter-output>
          </reporter-output>
        </test-method> <!-- loginerror -->
        <test-method is-config="true" signature="exit()[pri:0, instance:Tanuja.EndToEnd.ErrorValidation@3fc9504b]" started-at="2024-04-30T18:43:59 IST" name="exit" finished-at="2024-04-30T18:44:00 IST" duration-ms="206" status="PASS">
          <reporter-output>
          </reporter-output>
        </test-method> <!-- exit -->
      </class> <!-- Tanuja.EndToEnd.ErrorValidation -->
    </test> <!-- Error Validation Test -->
    <test started-at="2024-04-30T18:43:41 IST" name="Submit Order test" finished-at="2024-04-30T18:44:31 IST" duration-ms="49807">
      <class name="Tanuja.EndToEnd.EcommProjectTest">
        <test-method is-config="true" signature="login()[pri:0, instance:Tanuja.EndToEnd.EcommProjectTest@6cce16f4]" started-at="2024-04-30T18:43:42 IST" name="login" finished-at="2024-04-30T18:43:51 IST" duration-ms="9354" status="PASS">
          <reporter-output>
          </reporter-output>
        </test-method> <!-- login -->
        <test-method signature="execution(java.util.HashMap)[pri:0, instance:Tanuja.EndToEnd.EcommProjectTest@6cce16f4]" started-at="2024-04-30T18:43:51 IST" name="execution" data-provider="getdata" finished-at="2024-04-30T18:44:03 IST" duration-ms="12272" status="PASS">
          <params>
            <param index="0">
              <value>
                <![CDATA[{Product=ADIDAS, Email=rawattanuja01@gmail.com, Product1=IPHONE, Password=New12345}]]>
              </value>
            </param>
          </params>
          <reporter-output>
          </reporter-output>
        </test-method> <!-- execution -->
        <test-method is-config="true" signature="exit()[pri:0, instance:Tanuja.EndToEnd.EcommProjectTest@6cce16f4]" started-at="2024-04-30T18:44:03 IST" name="exit" finished-at="2024-04-30T18:44:03 IST" duration-ms="249" status="PASS">
          <reporter-output>
          </reporter-output>
        </test-method> <!-- exit -->
        <test-method is-config="true" signature="login()[pri:0, instance:Tanuja.EndToEnd.EcommProjectTest@6cce16f4]" started-at="2024-04-30T18:44:03 IST" name="login" finished-at="2024-04-30T18:44:10 IST" duration-ms="6505" status="PASS">
          <reporter-output>
          </reporter-output>
        </test-method> <!-- login -->
        <test-method signature="execution(java.util.HashMap)[pri:0, instance:Tanuja.EndToEnd.EcommProjectTest@6cce16f4]" started-at="2024-04-30T18:44:10 IST" name="execution" data-provider="getdata" finished-at="2024-04-30T18:44:23 IST" duration-ms="12679" status="PASS">
          <params>
            <param index="0">
              <value>
                <![CDATA[{Product=ADIDAS, Email=suchitshahbly@gmail.com, Product1=IPHONE, Password=New@123456}]]>
              </value>
            </param>
          </params>
          <reporter-output>
          </reporter-output>
        </test-method> <!-- execution -->
        <test-method is-config="true" signature="exit()[pri:0, instance:Tanuja.EndToEnd.EcommProjectTest@6cce16f4]" started-at="2024-04-30T18:44:23 IST" name="exit" finished-at="2024-04-30T18:44:23 IST" duration-ms="191" status="PASS">
          <reporter-output>
          </reporter-output>
        </test-method> <!-- exit -->
        <test-method is-config="true" signature="login()[pri:0, instance:Tanuja.EndToEnd.EcommProjectTest@6cce16f4]" started-at="2024-04-30T18:44:23 IST" name="login" finished-at="2024-04-30T18:44:30 IST" duration-ms="6855" status="PASS">
          <reporter-output>
          </reporter-output>
        </test-method> <!-- login -->
        <test-method signature="orderListTest()[pri:0, instance:Tanuja.EndToEnd.EcommProjectTest@6cce16f4]" started-at="2024-04-30T18:44:30 IST" name="orderListTest" finished-at="2024-04-30T18:44:31 IST" depends-on-methods="Tanuja.EndToEnd.EcommProjectTest.execution" duration-ms="1069" status="PASS">
          <reporter-output>
          </reporter-output>
        </test-method> <!-- orderListTest -->
        <test-method is-config="true" signature="exit()[pri:0, instance:Tanuja.EndToEnd.EcommProjectTest@6cce16f4]" started-at="2024-04-30T18:44:31 IST" name="exit" finished-at="2024-04-30T18:44:31 IST" duration-ms="212" status="PASS">
          <reporter-output>
          </reporter-output>
        </test-method> <!-- exit -->
      </class> <!-- Tanuja.EndToEnd.EcommProjectTest -->
    </test> <!-- Submit Order test -->
  </suite> <!-- Suite -->
</testng-results>
